<?xml version="1.0" encoding="UTF-8"?>
<testng-results skipped="0" failed="0" ignored="0" total="6" passed="6">
  <reporter-output>
  </reporter-output>
  <suite name="Default suite" duration-ms="50467" started-at="2021-09-30T16:41:58 IST" finished-at="2021-09-30T16:42:48 IST">
    <groups>
      <group name="cucumber">
        <method signature="AbstractTestNGCucumberTests.runScenario(io.cucumber.testng.PickleWrapper,io.cucumber.testng.FeatureWrapper)[pri:0, instance:com.swiggy.runnerfiles.TestRunner@51b279c9]" name="runScenario" class="io.cucumber.testng.AbstractTestNGCucumberTests"/>
      </group> <!-- cucumber -->
    </groups>
    <test name="Default test" duration-ms="50467" started-at="2021-09-30T16:41:58 IST" finished-at="2021-09-30T16:42:48 IST">
      <class name="com.swiggy.runnerfiles.TestRunner">
        <test-method status="PASS" signature="extentreportStart()[pri:0, instance:com.swiggy.runnerfiles.TestRunner@51b279c9]" name="extentreportStart" is-config="true" duration-ms="142" started-at="2021-09-30T16:41:58 IST" finished-at="2021-09-30T16:41:58 IST">
          <reporter-output>
          </reporter-output>
        </test-method> <!-- extentreportStart -->
        <test-method status="PASS" signature="setUpClass()[pri:0, instance:com.swiggy.runnerfiles.TestRunner@51b279c9]" name="setUpClass" is-config="true" duration-ms="484" started-at="2021-09-30T16:41:58 IST" finished-at="2021-09-30T16:41:58 IST">
          <reporter-output>
          </reporter-output>
        </test-method> <!-- setUpClass -->
        <test-method status="PASS" signature="runScenario(io.cucumber.testng.PickleWrapper,io.cucumber.testng.FeatureWrapper)[pri:0, instance:com.swiggy.runnerfiles.TestRunner@51b279c9]" name="runScenario" duration-ms="6409" started-at="2021-09-30T16:41:58 IST" description="Runs Cucumber Scenarios" data-provider="scenarios" finished-at="2021-09-30T16:42:05 IST">
          <params>
            <param index="0">
              <value>
                <![CDATA["Login Button Validation"]]>
              </value>
            </param>
            <param index="1">
              <value>
                <![CDATA["Optional[Swiggy DashBoard Validation]"]]>
              </value>
            </param>
          </params>
          <reporter-output>
          </reporter-output>
        </test-method> <!-- runScenario -->
        <test-method status="PASS" signature="runScenario(io.cucumber.testng.PickleWrapper,io.cucumber.testng.FeatureWrapper)[pri:0, instance:com.swiggy.runnerfiles.TestRunner@51b279c9]" name="runScenario" duration-ms="4854" started-at="2021-09-30T16:42:05 IST" description="Runs Cucumber Scenarios" data-provider="scenarios" finished-at="2021-09-30T16:42:10 IST">
          <params>
            <param index="0">
              <value>
                <![CDATA["SignUp Button Validation"]]>
              </value>
            </param>
            <param index="1">
              <value>
                <![CDATA["Optional[Swiggy DashBoard Validation]"]]>
              </value>
            </param>
          </params>
          <reporter-output>
          </reporter-output>
        </test-method> <!-- runScenario -->
        <test-method status="PASS" signature="runScenario(io.cucumber.testng.PickleWrapper,io.cucumber.testng.FeatureWrapper)[pri:0, instance:com.swiggy.runnerfiles.TestRunner@51b279c9]" name="runScenario" duration-ms="3919" started-at="2021-09-30T16:42:10 IST" description="Runs Cucumber Scenarios" data-provider="scenarios" finished-at="2021-09-30T16:42:14 IST">
          <params>
            <param index="0">
              <value>
                <![CDATA["findFood Button Validation without selecting location"]]>
              </value>
            </param>
            <param index="1">
              <value>
                <![CDATA["Optional[Swiggy DashBoard Validation]"]]>
              </value>
            </param>
          </params>
          <reporter-output>
          </reporter-output>
        </test-method> <!-- runScenario -->
        <test-method status="PASS" signature="runScenario(io.cucumber.testng.PickleWrapper,io.cucumber.testng.FeatureWrapper)[pri:0, instance:com.swiggy.runnerfiles.TestRunner@51b279c9]" name="runScenario" duration-ms="10085" started-at="2021-09-30T16:42:14 IST" description="Runs Cucumber Scenarios" data-provider="scenarios" finished-at="2021-09-30T16:42:24 IST">
          <params>
            <param index="0">
              <value>
                <![CDATA["locateMe Button Validation without selecting location"]]>
              </value>
            </param>
            <param index="1">
              <value>
                <![CDATA["Optional[Swiggy DashBoard Validation]"]]>
              </value>
            </param>
          </params>
          <reporter-output>
          </reporter-output>
        </test-method> <!-- runScenario -->
        <test-method status="PASS" signature="runScenario(io.cucumber.testng.PickleWrapper,io.cucumber.testng.FeatureWrapper)[pri:0, instance:com.swiggy.runnerfiles.TestRunner@51b279c9]" name="runScenario" duration-ms="13150" started-at="2021-09-30T16:42:24 IST" description="Runs Cucumber Scenarios" data-provider="scenarios" finished-at="2021-09-30T16:42:37 IST">
          <params>
            <param index="0">
              <value>
                <![CDATA["signin in swiggy application with register mob number"]]>
              </value>
            </param>
            <param index="1">
              <value>
                <![CDATA["Optional[SignIn in swiggy application]"]]>
              </value>
            </param>
          </params>
          <reporter-output>
          </reporter-output>
        </test-method> <!-- runScenario -->
        <test-method status="PASS" signature="runScenario(io.cucumber.testng.PickleWrapper,io.cucumber.testng.FeatureWrapper)[pri:0, instance:com.swiggy.runnerfiles.TestRunner@51b279c9]" name="runScenario" duration-ms="11437" started-at="2021-09-30T16:42:37 IST" description="Runs Cucumber Scenarios" data-provider="scenarios" finished-at="2021-09-30T16:42:48 IST">
          <params>
            <param index="0">
              <value>
                <![CDATA["signin in swiggy application with un-register mob number"]]>
              </value>
            </param>
            <param index="1">
              <value>
                <![CDATA["Optional[SignIn in swiggy application]"]]>
              </value>
            </param>
          </params>
          <reporter-output>
          </reporter-output>
        </test-method> <!-- runScenario -->
        <test-method status="PASS" signature="tearDownClass()[pri:0, instance:com.swiggy.runnerfiles.TestRunner@51b279c9]" name="tearDownClass" is-config="true" duration-ms="84" started-at="2021-09-30T16:42:48 IST" finished-at="2021-09-30T16:42:48 IST">
          <reporter-output>
          </reporter-output>
        </test-method> <!-- tearDownClass -->
        <test-method status="PASS" signature="extentreportflush()[pri:0, instance:com.swiggy.runnerfiles.TestRunner@51b279c9]" name="extentreportflush" is-config="true" duration-ms="212" started-at="2021-09-30T16:42:48 IST" finished-at="2021-09-30T16:42:49 IST">
          <reporter-output>
          </reporter-output>
        </test-method> <!-- extentreportflush -->
      </class> <!-- com.swiggy.runnerfiles.TestRunner -->
    </test> <!-- Default test -->
  </suite> <!-- Default suite -->
</testng-results>
